<?xml version="1.0" encoding="UTF-8"?>
<testsuite xmlns:xsi="http://www.w3.org/2001/XMLSchema-instance" xsi:noNamespaceSchemaLocation="https://maven.apache.org/surefire/maven-surefire-plugin/xsd/surefire-test-report.xsd" version="3.0.2" name="com.ryan.rulesengine.IntegrationTest" time="4.663" tests="1" errors="0" skipped="0" failures="0">
  <properties>
    <property name="sun.desktop" value="windows"/>
    <property name="awt.toolkit" value="sun.awt.windows.WToolkit"/>
    <property name="file.encoding.pkg" value="sun.io"/>
    <property name="java.specification.version" value="1.8"/>
    <property name="sun.cpu.isalist" value="amd64"/>
    <property name="sun.jnu.encoding" value="Cp1252"/>
    <property name="java.class.path" value="C:\Users\renghe\Desktop\bc assign\supplement-rules-engine\target\test-classes;C:\Users\renghe\Desktop\bc assign\supplement-rules-engine\target\classes;C:\Users\renghe\.m2\repository\org\eclipse\paho\org.eclipse.paho.client.mqttv3\1.2.5\org.eclipse.paho.client.mqttv3-1.2.5.jar;C:\Users\renghe\.m2\repository\com\fasterxml\jackson\core\jackson-databind\2.18.0\jackson-databind-2.18.0.jar;C:\Users\renghe\.m2\repository\com\fasterxml\jackson\core\jackson-annotations\2.18.0\jackson-annotations-2.18.0.jar;C:\Users\renghe\.m2\repository\com\fasterxml\jackson\core\jackson-core\2.18.0\jackson-core-2.18.0.jar;C:\Users\renghe\.m2\repository\org\junit\jupiter\junit-jupiter\5.10.2\junit-jupiter-5.10.2.jar;C:\Users\renghe\.m2\repository\org\junit\jupiter\junit-jupiter-api\5.10.2\junit-jupiter-api-5.10.2.jar;C:\Users\renghe\.m2\repository\org\opentest4j\opentest4j\1.3.0\opentest4j-1.3.0.jar;C:\Users\renghe\.m2\repository\org\junit\platform\junit-platform-commons\1.10.2\junit-platform-commons-1.10.2.jar;C:\Users\renghe\.m2\repository\org\apiguardian\apiguardian-api\1.1.2\apiguardian-api-1.1.2.jar;C:\Users\renghe\.m2\repository\org\junit\jupiter\junit-jupiter-params\5.10.2\junit-jupiter-params-5.10.2.jar;C:\Users\renghe\.m2\repository\org\junit\jupiter\junit-jupiter-engine\5.10.2\junit-jupiter-engine-5.10.2.jar;C:\Users\renghe\.m2\repository\org\junit\platform\junit-platform-engine\1.10.2\junit-platform-engine-1.10.2.jar;C:\Users\renghe\.m2\repository\org\mockito\mockito-core\4.11.0\mockito-core-4.11.0.jar;C:\Users\renghe\.m2\repository\net\bytebuddy\byte-buddy\1.12.19\byte-buddy-1.12.19.jar;C:\Users\renghe\.m2\repository\net\bytebuddy\byte-buddy-agent\1.12.19\byte-buddy-agent-1.12.19.jar;C:\Users\renghe\.m2\repository\org\objenesis\objenesis\3.3\objenesis-3.3.jar;"/>
    <property name="java.vm.vendor" value="Oracle Corporation"/>
    <property name="sun.arch.data.model" value="64"/>
    <property name="user.variant" value=""/>
    <property name="java.vendor.url" value="http://java.oracle.com/"/>
    <property name="user.timezone" value="America/Los_Angeles"/>
    <property name="java.vm.specification.version" value="1.8"/>
    <property name="os.name" value="Windows 10"/>
    <property name="user.country" value="US"/>
    <property name="sun.java.launcher" value="SUN_STANDARD"/>
    <property name="sun.boot.library.path" value="C:\Users\renghe\App\Develop\Java\jdk-1.8\jre\bin"/>
    <property name="sun.java.command" value="C:\Users\renghe\AppData\Local\Temp\surefire226640970363998476\surefirebooter-20241201204820798_3.jar C:\Users\renghe\AppData\Local\Temp\surefire226640970363998476 2024-12-01T20-48-20_605-jvmRun1 surefire-20241201204820798_1tmp surefire_0-20241201204820798_2tmp"/>
    <property name="surefire.test.class.path" value="C:\Users\renghe\Desktop\bc assign\supplement-rules-engine\target\test-classes;C:\Users\renghe\Desktop\bc assign\supplement-rules-engine\target\classes;C:\Users\renghe\.m2\repository\org\eclipse\paho\org.eclipse.paho.client.mqttv3\1.2.5\org.eclipse.paho.client.mqttv3-1.2.5.jar;C:\Users\renghe\.m2\repository\com\fasterxml\jackson\core\jackson-databind\2.18.0\jackson-databind-2.18.0.jar;C:\Users\renghe\.m2\repository\com\fasterxml\jackson\core\jackson-annotations\2.18.0\jackson-annotations-2.18.0.jar;C:\Users\renghe\.m2\repository\com\fasterxml\jackson\core\jackson-core\2.18.0\jackson-core-2.18.0.jar;C:\Users\renghe\.m2\repository\org\junit\jupiter\junit-jupiter\5.10.2\junit-jupiter-5.10.2.jar;C:\Users\renghe\.m2\repository\org\junit\jupiter\junit-jupiter-api\5.10.2\junit-jupiter-api-5.10.2.jar;C:\Users\renghe\.m2\repository\org\opentest4j\opentest4j\1.3.0\opentest4j-1.3.0.jar;C:\Users\renghe\.m2\repository\org\junit\platform\junit-platform-commons\1.10.2\junit-platform-commons-1.10.2.jar;C:\Users\renghe\.m2\repository\org\apiguardian\apiguardian-api\1.1.2\apiguardian-api-1.1.2.jar;C:\Users\renghe\.m2\repository\org\junit\jupiter\junit-jupiter-params\5.10.2\junit-jupiter-params-5.10.2.jar;C:\Users\renghe\.m2\repository\org\junit\jupiter\junit-jupiter-engine\5.10.2\junit-jupiter-engine-5.10.2.jar;C:\Users\renghe\.m2\repository\org\junit\platform\junit-platform-engine\1.10.2\junit-platform-engine-1.10.2.jar;C:\Users\renghe\.m2\repository\org\mockito\mockito-core\4.11.0\mockito-core-4.11.0.jar;C:\Users\renghe\.m2\repository\net\bytebuddy\byte-buddy\1.12.19\byte-buddy-1.12.19.jar;C:\Users\renghe\.m2\repository\net\bytebuddy\byte-buddy-agent\1.12.19\byte-buddy-agent-1.12.19.jar;C:\Users\renghe\.m2\repository\org\objenesis\objenesis\3.3\objenesis-3.3.jar;"/>
    <property name="sun.cpu.endian" value="little"/>
    <property name="user.home" value="C:\Users\renghe"/>
    <property name="user.language" value="en"/>
    <property name="java.specification.vendor" value="Oracle Corporation"/>
    <property name="java.home" value="C:\Users\renghe\App\Develop\Java\jdk-1.8\jre"/>
    <property name="basedir" value="C:\Users\renghe\Desktop\bc assign\supplement-rules-engine"/>
    <property name="file.separator" value="\"/>
    <property name="line.separator" value="&#10;"/>
    <property name="java.vm.specification.vendor" value="Oracle Corporation"/>
    <property name="java.specification.name" value="Java Platform API Specification"/>
    <property name="java.awt.graphicsenv" value="sun.awt.Win32GraphicsEnvironment"/>
    <property name="surefire.real.class.path" value="C:\Users\renghe\AppData\Local\Temp\surefire226640970363998476\surefirebooter-20241201204820798_3.jar"/>
    <property name="sun.boot.class.path" value="C:\Users\renghe\App\Develop\Java\jdk-1.8\jre\lib\resources.jar;C:\Users\renghe\App\Develop\Java\jdk-1.8\jre\lib\rt.jar;C:\Users\renghe\App\Develop\Java\jdk-1.8\jre\lib\jsse.jar;C:\Users\renghe\App\Develop\Java\jdk-1.8\jre\lib\jce.jar;C:\Users\renghe\App\Develop\Java\jdk-1.8\jre\lib\charsets.jar;C:\Users\renghe\App\Develop\Java\jdk-1.8\jre\lib\jfr.jar;C:\Users\renghe\App\Develop\Java\jdk-1.8\jre\classes"/>
    <property name="user.script" value=""/>
    <property name="sun.management.compiler" value="HotSpot 64-Bit Tiered Compilers"/>
    <property name="java.runtime.version" value="1.8.0_371-b11"/>
    <property name="user.name" value="renghe"/>
    <property name="path.separator" value=";"/>
    <property name="os.version" value="10.0"/>
    <property name="java.endorsed.dirs" value="C:\Users\renghe\App\Develop\Java\jdk-1.8\jre\lib\endorsed"/>
    <property name="java.runtime.name" value="Java(TM) SE Runtime Environment"/>
    <property name="file.encoding" value="Cp1252"/>
    <property name="java.vm.name" value="Java HotSpot(TM) 64-Bit Server VM"/>
    <property name="localRepository" value="C:\Users\renghe\.m2\repository"/>
    <property name="java.vendor.url.bug" value="http://bugreport.sun.com/bugreport/"/>
    <property name="java.io.tmpdir" value="C:\Users\renghe\AppData\Local\Temp\"/>
    <property name="java.version" value="1.8.0_371"/>
    <property name="user.dir" value="C:\Users\renghe\Desktop\bc assign\supplement-rules-engine"/>
    <property name="os.arch" value="amd64"/>
    <property name="java.vm.specification.name" value="Java Virtual Machine Specification"/>
    <property name="java.awt.printerjob" value="sun.awt.windows.WPrinterJob"/>
    <property name="sun.os.patch.level" value=""/>
    <property name="java.library.path" value="C:\Users\renghe\App\Develop\Java\jdk-1.8\jre\bin;C:\Windows\Sun\Java\bin;C:\Windows\system32;C:\Windows;C:\Users\renghe\App\Develop\Anaconda\InstallFiles\condabin;C:\Program Files (x86)\Common Files\Oracle\Java\javapath;C:\Windows\system32;C:\Windows;C:\Windows\System32\Wbem;C:\Windows\System32\WindowsPowerShell\v1.0\;C:\Windows\System32\OpenSSH\;C:\Users\renghe\App\Develop\Anaconda\InstallFiles;C:\Users\renghe\App\Develop\Anaconda\InstallFiles\Scripts;C:\Users\renghe\App\Develop\Anaconda\InstallFiles\Library;C:\Users\renghe\App\Develop\Anaconda\InstallFiles\Library\bin;C:\Program Files\dotnet\;C:\Users\renghe\App\Develop\Java\jdk-1.8\bin;C:\Users\renghe\App\Develop\Java\jdk-1.8\jre\bin;C:\Program Files\NVIDIA Corporation\NVIDIA NvDLISR;C:\Program Files (x86)\NVIDIA Corporation\PhysX\Common;C:\Users\renghe\AppData\Roaming\nvm;C:\Program Files\nodejs;C:\Program Files\Docker\Docker\resources\bin;C:\Users\renghe\App\Develop\GitBash\InstallFiles\Git\cmd;C:\Users\renghe\App\Develop\Java\Maven\apache-maven-3.9.9\bin;C:\Users\renghe\.console-ninja\.bin;C:\Users\renghe\AppData\Local\pnpm;C:\Program Files\MySQL\MySQL Shell 8.0\bin\;C:\Users\renghe\AppData\Local\Microsoft\WindowsApps;C:\Users\renghe\App\Develop\VSCode\Microsoft VS Code\bin;C:\Users\renghe\AppData\Roaming\nvm;C:\Program Files\nodejs;C:\Users\renghe\App\Develop\IDEA\IntelliJ IDEA 2023.3.4\bin;;C:\Users\renghe\App\Develop\DataGrip\DataGrip 2023.3.4\bin;;."/>
    <property name="java.vm.info" value="mixed mode"/>
    <property name="java.vendor" value="Oracle Corporation"/>
    <property name="java.vm.version" value="25.371-b11"/>
    <property name="java.specification.maintenance.version" value="4"/>
    <property name="java.ext.dirs" value="C:\Users\renghe\App\Develop\Java\jdk-1.8\jre\lib\ext;C:\Windows\Sun\Java\lib\ext"/>
    <property name="sun.io.unicode.encoding" value="UnicodeLittle"/>
    <property name="java.class.version" value="52.0"/>
  </properties>
  <testcase name="integrationTest" classname="com.ryan.rulesengine.IntegrationTest" time="4.663">
    <system-out><![CDATA[mqttClient connected
output topic: BRE/calculateWinterSupplementOutput/integrationTest1
input topic: BRE/calculateWinterSupplementInput/integrationTest1
Message subscribed, topic: BRE/calculateWinterSupplementInput/integrationTest1
Message subscribed, topic: BRE/calculateWinterSupplementOutput/integrationTest1
Message published, topic: BRE/calculateWinterSupplementInput/integrationTest1, msg: {"id":"integrationTest1","numberOfChildren":3,"familyComposition":"single","familyUnitInPayForDecember":true}
Message published, topic: BRE/calculateWinterSupplementOutput/integrationTest1, msg: {"id":"integrationTest1","isEligible":true,"baseAmount":120.0,"childrenAmount":60.0,"supplementAmount":180.0}
mqttClient disconnected
]]></system-out>
  </testcase>
</testsuite>